app/build/outputs/logs/manifest-merger-debug-report.txt
-- Merging decision tree log ---
manifest
ADDED from src\main\AndroidManifest.xml:2:1-74:12
INJECTED from src\main\AndroidManifest.xml:2:1-74:12
INJECTED from src\main\AndroidManifest.xml:2:1-74:12
INJECTED from src\main\AndroidManifest.xml:2:1-74:12
MERGED from [com.android.support:multidex:1.0.3] AndroidManifest.xml:17:1-22:12
MERGED from [com.valdesekamdem.library:md-toast:0.9.0] AndroidManifest.xml:2:1-17:12
MERGED from [com.github.Shashank02051997:FancyToast-Android:0.1.3] AndroidManifest.xml:2:1-17:12
MERGED from [com.github.arimorty:floatingsearchview:2.1.1] AndroidManifest.xml:2:1-14:12
MERGED from [com.ss.bannerslider:bannerslider:1.8.0] AndroidManifest.xml:2:1-16:12
MERGED from [com.github.Shashank02051997:FancyAboutPage-Android:2.6] AndroidManifest.xml:2:1-11:12
MERGED from [com.github.arcadefire:nice-spinner:1.3.4] AndroidManifest.xml:2:1-11:12
MERGED from [com.github.IntruderShanky:Squint:3.0.1] AndroidManifest.xml:2:1-17:12
MERGED from [com.google.android.gms:play-services:12.0.1] AndroidManifest.xml:2:1-6:12
MERGED from [com.google.android.gms:play-services-cast-framework:12.0.1] AndroidManifest.xml:2:1-14:12
MERGED from [com.google.android.gms:play-services-cast:12.0.1] AndroidManifest.xml:17:1-24:12
MERGED from [com.android.support:mediarouter-v7:26.1.0] AndroidManifest.xml:17:1-28:12
MERGED from [com.android.support:design:27.1.1] AndroidManifest.xml:17:1-22:12
MERGED from [com.android.support:appcompat-v7:27.1.1] AndroidManifest.xml:17:1-22:12
MERGED from [com.android.support:recyclerview-v7:27.1.1] AndroidManifest.xml:17:1-22:12
MERGED from [com.android.support:cardview-v7:27.1.1] AndroidManifest.xml:17:1-22:12
MERGED from [com.android.support.constraint:constraint-layout:1.1.2] AndroidManifest.xml:2:1-11:12
MERGED from [com.iarcuschin:simpleratingbar:0.1.3] AndroidManifest.xml:2:1-17:12
MERGED from [com.bartoszlipinski:viewpropertyobjectanimator:1.2.0] AndroidManifest.xml:2:1-11:12
MERGED from [com.google.android.gms:play-services-ads:12.0.1] AndroidManifest.xml:17:1-25:12
MERGED from [com.google.android.gms:play-services-ads-lite:12.0.1] AndroidManifest.xml:17:1-36:12
MERGED from [com.google.android.gms:play-services-analytics:12.0.1] AndroidManifest.xml:17:1-47:12
MERGED from [com.google.android.gms:play-services-tagmanager:12.0.1] AndroidManifest.xml:17:1-22:12
MERGED from [com.google.android.gms:play-services-tagmanager-v4-impl:12.0.1] AndroidManifest.xml:17:1-24:12
MERGED from [com.google.android.gms:play-services-analytics-impl:12.0.1] AndroidManifest.xml:17:1-31:12
MERGED from [com.google.android.gms:play-services-appinvite:12.0.1] AndroidManifest.xml:17:1-37:12
MERGED from [com.google.android.gms:play-services-auth:12.0.1] AndroidManifest.xml:17:1-39:12
MERGED from [com.google.android.gms:play-services-auth-api-phone:12.0.1] AndroidManifest.xml:2:1-7:12
MERGED from [com.google.android.gms:play-services-auth-base:12.0.1] AndroidManifest.xml:2:1-7:12
MERGED from [com.google.firebase:firebase-config:12.0.1] AndroidManifest.xml:17:1-24:12
MERGED from [com.google.android.gms:play-services-awareness:12.0.1] AndroidManifest.xml:17:1-24:12
MERGED from [com.google.firebase:firebase-crash:12.0.1] AndroidManifest.xml:17:1-27:12
MERGED from [com.google.android.gms:play-services-games:12.0.1] AndroidManifest.xml:17:1-24:12
MERGED from [com.google.android.gms:play-services-drive:12.0.1] AndroidManifest.xml:17:1-24:12
MERGED from [com.google.android.gms:play-services-fido:12.0.1] AndroidManifest.xml:2:1-10:12
MERGED from [com.google.firebase:firebase-auth:12.0.1] AndroidManifest.xml:17:1-32:12
MERGED from [com.google.firebase:firebase-database:12.0.1] AndroidManifest.xml:2:1-8:12
MERGED from [com.google.firebase:firebase-database-connection:12.0.1] AndroidManifest.xml:2:1-8:12
MERGED from [com.google.firebase:firebase-dynamic-links:12.0.1] AndroidManifest.xml:2:1-9:12
MERGED from [com.google.firebase:firebase-messaging:12.0.1] AndroidManifest.xml:17:1-37:12
MERGED from [com.google.firebase:firebase-storage:12.0.1] AndroidManifest.xml:2:1-8:12
MERGED from [com.google.firebase:firebase-storage-common:12.0.1] AndroidManifest.xml:2:1-8:12
MERGED from [com.google.android.gms:play-services-fitness:12.0.1] AndroidManifest.xml:17:1-24:12
MERGED from [com.google.android.gms:play-services-gass:12.0.1] AndroidManifest.xml:2:1-9:12
MERGED from [com.google.android.gms:play-services-gcm:12.0.1] AndroidManifest.xml:17:1-28:12
MERGED from [com.google.firebase:firebase-appindexing:12.0.1] AndroidManifest.xml:17:1-24:12
MERGED from [com.google.android.gms:play-services-wallet:12.0.1] AndroidManifest.xml:17:1-22:12
MERGED from [com.google.android.gms:play-services-identity:12.0.1] AndroidManifest.xml:17:1-24:12
MERGED from [com.google.android.gms:play-services-iid:12.0.1] AndroidManifest.xml:17:1-28:12
MERGED from [com.google.android.gms:play-services-instantapps:12.0.1] AndroidManifest.xml:2:1-7:12
MERGED from [com.google.android.gms:play-services-location:12.0.1] AndroidManifest.xml:2:1-9:12
MERGED from [com.google.android.gms:play-services-nearby:12.0.1] AndroidManifest.xml:2:1-11:12
MERGED from [com.google.android.gms:play-services-panorama:12.0.1] AndroidManifest.xml:17:1-24:12
MERGED from [com.google.android.gms:play-services-places:12.0.1] AndroidManifest.xml:17:1-24:12
MERGED from [com.google.android.gms:play-services-plus:12.0.1] AndroidManifest.xml:17:1-24:12
MERGED from [com.google.android.gms:play-services-safetynet:12.0.1] AndroidManifest.xml:17:1-24:12
MERGED from [com.google.android.gms:play-services-tagmanager-api:12.0.1] AndroidManifest.xml:17:1-47:12
MERGED from [com.google.android.gms:play-services-vision:12.0.1] AndroidManifest.xml:2:1-9:12
MERGED from [com.google.android.gms:play-services-vision-common:12.0.1] AndroidManifest.xml:2:1-9:12
MERGED from [com.google.android.gms:play-services-wearable:12.0.1] AndroidManifest.xml:17:1-24:12
MERGED from [com.github.jd-alexander:library:1.1.0] AndroidManifest.xml:2:1-13:12
MERGED from [com.google.android.gms:play-services-maps:12.0.1] AndroidManifest.xml:17:1-32:12
MERGED from [com.google.firebase:firebase-core:15.0.0] AndroidManifest.xml:2:1-9:12
MERGED from [com.google.firebase:firebase-analytics:15.0.2] AndroidManifest.xml:17:1-55:12
MERGED from [com.google.firebase:firebase-analytics-impl:15.0.2] AndroidManifest.xml:17:1-41:12
MERGED from [com.google.firebase:firebase-iid:15.1.0] AndroidManifest.xml:17:1-65:12
MERGED from [com.google.android.gms:play-services-stats:15.0.1] AndroidManifest.xml:2:1-9:12
MERGED from [com.google.android.gms:play-services-ads-identifier:15.0.1] AndroidManifest.xml:17:1-24:12
MERGED from [com.google.firebase:firebase-common:15.0.1] AndroidManifest.xml:2:1-15:12
MERGED from [com.google.firebase:firebase-iid-interop:15.0.0] AndroidManifest.xml:2:1-10:12
MERGED from [com.google.android.gms:play-services-base:15.0.1] AndroidManifest.xml:17:1-29:12
MERGED from [com.google.android.gms:play-services-tasks:15.0.1] AndroidManifest.xml:2:1-9:12
MERGED from [com.google.android.gms:play-services-basement:15.0.1] AndroidManifest.xml:17:1-28:12
MERGED from [com.android.support:support-v4:27.1.1] AndroidManifest.xml:17:1-22:12
MERGED from [io.reactivex:rxandroid:1.2.1] AndroidManifest.xml:15:1-21:12
MERGED from [com.jakewharton:butterknife:8.8.1] AndroidManifest.xml:2:1-7:12
MERGED from [de.hdodenhof:circleimageview:2.2.0] AndroidManifest.xml:2:1-11:12
MERGED from [com.github.ittianyu:BottomNavigationViewEx:1.2.4] AndroidManifest.xml:2:1-14:12
MERGED from [com.google.maps.android:android-maps-utils:0.4.4] AndroidManifest.xml:2:1-13:12
MERGED from [com.daimajia.slider:library:1.1.5] AndroidManifest.xml:2:1-14:12
MERGED from [net.sharewire:google-maps-clustering:0.1.3] AndroidManifest.xml:2:1-14:12
MERGED from [com.android.support:palette-v7:26.1.0] AndroidManifest.xml:17:1-28:12
MERGED from [com.android.support:support-fragment:27.1.1] AndroidManifest.xml:17:1-22:12
MERGED from [com.android.support:animated-vector-drawable:27.1.1] AndroidManifest.xml:17:1-22:12
MERGED from [com.android.support:support-vector-drawable:27.1.1] AndroidManifest.xml:17:1-22:12
MERGED from [com.android.support:support-core-ui:27.1.1] AndroidManifest.xml:17:1-22:12
MERGED from [com.android.support:transition:27.1.1] AndroidManifest.xml:17:1-22:12
MERGED from [com.android.support:support-media-compat:27.1.1] AndroidManifest.xml:17:1-22:12
MERGED from [com.android.support:support-core-utils:27.1.1] AndroidManifest.xml:17:1-22:12
MERGED from [com.android.support:support-compat:27.1.1] AndroidManifest.xml:17:1-22:12
MERGED from [com.mikhaellopez:circularimageview:3.0.2] AndroidManifest.xml:2:1-15:12
MERGED from [com.google.android.gms:play-services-ads-license:12.0.1] AndroidManifest.xml:17:1-24:12
MERGED from [com.google.android.gms:play-services-ads-lite-license:12.0.1] AndroidManifest.xml:17:1-24:12
MERGED from [com.google.android.gms:play-services-analytics-license:12.0.1] AndroidManifest.xml:17:1-24:12
MERGED from [com.google.android.gms:play-services-analytics-impl-license:12.0.1] AndroidManifest.xml:17:1-24:12
MERGED from [com.google.android.gms:play-services-appinvite-license:12.0.1] AndroidManifest.xml:17:1-24:12
MERGED from [com.google.android.gms:play-services-auth-api-phone-license:12.0.1] AndroidManifest.xml:17:1-24:12
MERGED from [com.google.android.gms:play-services-auth-base-license:12.0.1] AndroidManifest.xml:17:1-24:12
MERGED from [com.google.android.gms:play-services-cast-framework-license:12.0.1] AndroidManifest.xml:17:1-24:12
MERGED from [com.google.android.gms:play-services-cast-license:12.0.1] AndroidManifest.xml:17:1-24:12
MERGED from [com.google.firebase:firebase-config-license:12.0.1] AndroidManifest.xml:17:1-24:12
MERGED from [com.google.android.gms:play-services-awareness-license:12.0.1] AndroidManifest.xml:17:1-24:12
MERGED from [com.google.firebase:firebase-crash-license:12.0.1] AndroidManifest.xml:17:1-24:12
MERGED from [com.google.android.gms:play-services-drive-license:12.0.1] AndroidManifest.xml:17:1-24:12
MERGED from [com.google.android.gms:play-services-fido-license:12.0.1] AndroidManifest.xml:17:1-24:12
MERGED from [com.google.firebase:firebase-auth-license:12.0.1] AndroidManifest.xml:17:1-24:12
MERGED from [com.google.firebase:firebase-database-connection-license:12.0.1] AndroidManifest.xml:17:1-24:12
MERGED from [com.google.firebase:firebase-database-license:12.0.1] AndroidManifest.xml:17:1-24:12
MERGED from [com.google.firebase:firebase-dynamic-links-license:12.0.1] AndroidManifest.xml:17:1-24:12
MERGED from [com.google.firebase:firebase-messaging-license:12.0.1] AndroidManifest.xml:17:1-24:12
MERGED from [com.google.firebase:firebase-storage-license:12.0.1] AndroidManifest.xml:17:1-24:12
MERGED from [com.google.firebase:firebase-storage-common-license:12.0.1] AndroidManifest.xml:17:1-24:12
MERGED from [com.google.android.gms:play-services-fitness-license:12.0.1] AndroidManifest.xml:17:1-24:12
MERGED from [com.google.android.gms:play-services-games-license:12.0.1] AndroidManifest.xml:17:1-24:12
MERGED from [com.google.android.gms:play-services-gass-license:12.0.1] AndroidManifest.xml:17:1-24:12
MERGED from [com.google.android.gms:play-services-gcm-license:12.0.1] AndroidManifest.xml:17:1-24:12
MERGED from [com.google.firebase:firebase-appindexing-license:12.0.1] AndroidManifest.xml:17:1-24:12
MERGED from [com.google.android.gms:play-services-identity-license:12.0.1] AndroidManifest.xml:17:1-24:12
MERGED from [com.google.android.gms:play-services-iid-license:12.0.1] AndroidManifest.xml:17:1-24:12
MERGED from [com.google.android.gms:play-services-instantapps-license:12.0.1] AndroidManifest.xml:17:1-24:12
MERGED from [com.google.android.gms:play-services-location-license:12.0.1] AndroidManifest.xml:17:1-24:12
MERGED from [com.google.android.gms:play-services-nearby-license:12.0.1] AndroidManifest.xml:17:1-24:12
MERGED from [com.google.android.gms:play-services-panorama-license:12.0.1] AndroidManifest.xml:17:1-24:12
MERGED from [com.google.android.gms:play-services-places-license:12.0.1] AndroidManifest.xml:17:1-24:12
MERGED from [com.google.android.gms:play-services-plus-license:12.0.1] AndroidManifest.xml:17:1-24:12
MERGED from [com.google.android.gms:play-services-safetynet-license:12.0.1] AndroidManifest.xml:17:1-24:12
MERGED from [com.google.android.gms:play-services-tagmanager-api-license:12.0.1] AndroidManifest.xml:17:1-24:12
MERGED from [com.google.android.gms:play-services-tagmanager-license:12.0.1] AndroidManifest.xml:17:1-24:12
MERGED from [com.google.android.gms:play-services-tagmanager-v4-impl-license:12.0.1] AndroidManifest.xml:17:1-24:12
MERGED from [com.google.android.gms:play-services-vision-common-license:12.0.1] AndroidManifest.xml:17:1-24:12
MERGED from [com.google.android.gms:play-services-vision-license:12.0.1] AndroidManifest.xml:17:1-24:12
MERGED from [com.google.android.gms:play-services-wallet-license:12.0.1] AndroidManifest.xml:17:1-24:12
MERGED from [com.google.android.gms:play-services-wearable-license:12.0.1] AndroidManifest.xml:17:1-24:12
MERGED from [android.arch.lifecycle:runtime:1.1.0] AndroidManifest.xml:17:1-22:12
MERGED from [android.arch.lifecycle:livedata-core:1.1.0] AndroidManifest.xml:17:1-22:12
MERGED from [android.arch.core:runtime:1.1.0] AndroidManifest.xml:17:1-22:12
MERGED from [android.arch.lifecycle:viewmodel:1.1.0] AndroidManifest.xml:17:1-22:12
MERGED from [com.google.android.gms:play-services-maps-license:12.0.1] AndroidManifest.xml:17:1-24:12
MERGED from [com.google.android.gms:play-services-measurement-base:15.0.2] AndroidManifest.xml:17:1-24:12
INJECTED from src\main\AndroidManifest.xml:2:1-74:12
INJECTED from src\main\AndroidManifest.xml:2:1-74:12
INJECTED from src\main\AndroidManifest.xml:2:1-74:12
	package
		ADDED from src\main\AndroidManifest.xml:3:5-39
		INJECTED from src\main\AndroidManifest.xml
		INJECTED from src\main\AndroidManifest.xml
	android:versionName
		INJECTED from src\main\AndroidManifest.xml
		ADDED from src\main\AndroidManifest.xml:2:1-74:12
		INJECTED from src\main\AndroidManifest.xml
	android:versionCode
		INJECTED from src\main\AndroidManifest.xml
		ADDED from src\main\AndroidManifest.xml:2:1-74:12
		INJECTED from src\main\AndroidManifest.xml
	xmlns:android
		ADDED from src\main\AndroidManifest.xml:2:11-69
uses-permission#android.permission.INTERNET
ADDED from src\main\AndroidManifest.xml:5:5-67
MERGED from [com.google.android.gms:play-services-ads-lite:12.0.1] AndroidManifest.xml:23:5-67
MERGED from [com.google.android.gms:play-services-ads-lite:12.0.1] AndroidManifest.xml:23:5-67
MERGED from [com.google.android.gms:play-services-analytics:12.0.1] AndroidManifest.xml:23:5-67
MERGED from [com.google.android.gms:play-services-analytics:12.0.1] AndroidManifest.xml:23:5-67
MERGED from [com.google.android.gms:play-services-analytics-impl:12.0.1] AndroidManifest.xml:23:5-67
MERGED from [com.google.android.gms:play-services-analytics-impl:12.0.1] AndroidManifest.xml:23:5-67
MERGED from [com.google.android.gms:play-services-appinvite:12.0.1] AndroidManifest.xml:22:5-67
MERGED from [com.google.android.gms:play-services-appinvite:12.0.1] AndroidManifest.xml:22:5-67
MERGED from [com.google.firebase:firebase-crash:12.0.1] AndroidManifest.xml:22:5-67
MERGED from [com.google.firebase:firebase-crash:12.0.1] AndroidManifest.xml:22:5-67
MERGED from [com.google.android.gms:play-services-gcm:12.0.1] AndroidManifest.xml:24:5-67
MERGED from [com.google.android.gms:play-services-gcm:12.0.1] AndroidManifest.xml:24:5-67
MERGED from [com.google.android.gms:play-services-iid:12.0.1] AndroidManifest.xml:24:5-67
MERGED from [com.google.android.gms:play-services-iid:12.0.1] AndroidManifest.xml:24:5-67
MERGED from [com.google.android.gms:play-services-tagmanager-api:12.0.1] AndroidManifest.xml:23:5-67
MERGED from [com.google.android.gms:play-services-tagmanager-api:12.0.1] AndroidManifest.xml:23:5-67
MERGED from [com.google.android.gms:play-services-maps:12.0.1] AndroidManifest.xml:24:5-67
MERGED from [com.google.android.gms:play-services-maps:12.0.1] AndroidManifest.xml:24:5-67
MERGED from [com.google.firebase:firebase-analytics:15.0.2] AndroidManifest.xml:23:5-67
MERGED from [com.google.firebase:firebase-analytics:15.0.2] AndroidManifest.xml:23:5-67
MERGED from [com.google.firebase:firebase-analytics-impl:15.0.2] AndroidManifest.xml:23:5-67
MERGED from [com.google.firebase:firebase-analytics-impl:15.0.2] AndroidManifest.xml:23:5-67
MERGED from [com.google.firebase:firebase-iid:15.1.0] AndroidManifest.xml:23:5-67
MERGED from [com.google.firebase:firebase-iid:15.1.0] AndroidManifest.xml:23:5-67
MERGED from [com.daimajia.slider:library:1.1.5] AndroidManifest.xml:11:5-67
MERGED from [com.daimajia.slider:library:1.1.5] AndroidManifest.xml:11:5-67
	android:name
		ADDED from src\main\AndroidManifest.xml:5:22-64
uses-permission#android.permission.ACCESS_NETWORK_STATE
ADDED from src\main\AndroidManifest.xml:6:5-79
MERGED from [com.google.android.gms:play-services-ads-lite:12.0.1] AndroidManifest.xml:24:5-79
MERGED from [com.google.android.gms:play-services-ads-lite:12.0.1] AndroidManifest.xml:24:5-79
MERGED from [com.google.android.gms:play-services-analytics:12.0.1] AndroidManifest.xml:24:5-79
MERGED from [com.google.android.gms:play-services-analytics:12.0.1] AndroidManifest.xml:24:5-79
MERGED from [com.google.android.gms:play-services-analytics-impl:12.0.1] AndroidManifest.xml:24:5-79
MERGED from [com.google.android.gms:play-services-analytics-impl:12.0.1] AndroidManifest.xml:24:5-79
MERGED from [com.google.android.gms:play-services-nearby:12.0.1] AndroidManifest.xml:7:5-79
MERGED from [com.google.android.gms:play-services-nearby:12.0.1] AndroidManifest.xml:7:5-79
MERGED from [com.google.android.gms:play-services-tagmanager-api:12.0.1] AndroidManifest.xml:24:5-79
MERGED from [com.google.android.gms:play-services-tagmanager-api:12.0.1] AndroidManifest.xml:24:5-79
MERGED from [com.google.android.gms:play-services-maps:12.0.1] AndroidManifest.xml:23:5-79
MERGED from [com.google.android.gms:play-services-maps:12.0.1] AndroidManifest.xml:23:5-79
MERGED from [com.google.firebase:firebase-analytics:15.0.2] AndroidManifest.xml:24:5-79
MERGED from [com.google.firebase:firebase-analytics:15.0.2] AndroidManifest.xml:24:5-79
MERGED from [com.google.firebase:firebase-analytics-impl:15.0.2] AndroidManifest.xml:24:5-79
MERGED from [com.google.firebase:firebase-analytics-impl:15.0.2] AndroidManifest.xml:24:5-79
MERGED from [com.google.firebase:firebase-iid:15.1.0] AndroidManifest.xml:22:5-79
MERGED from [com.google.firebase:firebase-iid:15.1.0] AndroidManifest.xml:22:5-79
	android:name
		ADDED from src\main\AndroidManifest.xml:6:22-76
uses-permission#android.permission.WRITE_EXTERNAL_STORAGE
ADDED from src\main\AndroidManifest.xml:7:5-81
MERGED from [com.daimajia.slider:library:1.1.5] AndroidManifest.xml:12:5-81
MERGED from [com.daimajia.slider:library:1.1.5] AndroidManifest.xml:12:5-81
	android:name
		ADDED from src\main\AndroidManifest.xml:7:22-78
uses-permission#com.google.android.providers.gsf.permission.READ_GSERVICES
ADDED from src\main\AndroidManifest.xml:8:5-98
	android:name
		ADDED from src\main\AndroidManifest.xml:8:22-95
uses-permission#android.permission.ACCESS_COARSE_LOCATION
ADDED from src\main\AndroidManifest.xml:9:5-81
	android:name
		ADDED from src\main\AndroidManifest.xml:9:22-78
uses-permission#android.permission.ACCESS_FINE_LOCATION
ADDED from src\main\AndroidManifest.xml:10:5-79
	android:name
		ADDED from src\main\AndroidManifest.xml:10:22-76
uses-permission#android.permission.ACCESS_WIFI_STATE
ADDED from src\main\AndroidManifest.xml:11:5-76
	android:name
		ADDED from src\main\AndroidManifest.xml:11:22-73
permission#com.codekinian.nongkyapp.READ_DATABASE
ADDED from src\main\AndroidManifest.xml:14:5-16:44
	android:protectionLevel
		ADDED from src\main\AndroidManifest.xml:16:9-41
	android:name
		ADDED from src\main\AndroidManifest.xml:15:9-62
permission#com.codekinian.nongkyapp.WRITE_DATABASE
ADDED from src\main\AndroidManifest.xml:17:5-19:44
	android:protectionLevel
		ADDED from src\main\AndroidManifest.xml:19:9-41
	android:name
		ADDED from src\main\AndroidManifest.xml:18:9-63
application
ADDED from src\main\AndroidManifest.xml:21:5-72:19
MERGED from [com.valdesekamdem.library:md-toast:0.9.0] AndroidManifest.xml:11:5-15:19
MERGED from [com.valdesekamdem.library:md-toast:0.9.0] AndroidManifest.xml:11:5-15:19
MERGED from [com.github.Shashank02051997:FancyToast-Android:0.1.3] AndroidManifest.xml:11:5-15:19
MERGED from [com.github.Shashank02051997:FancyToast-Android:0.1.3] AndroidManifest.xml:11:5-15:19
MERGED from [com.github.arimorty:floatingsearchview:2.1.1] AndroidManifest.xml:12:5-20
MERGED from [com.github.arimorty:floatingsearchview:2.1.1] AndroidManifest.xml:12:5-20
MERGED from [com.ss.bannerslider:bannerslider:1.8.0] AndroidManifest.xml:11:5-14:19
MERGED from [com.ss.bannerslider:bannerslider:1.8.0] AndroidManifest.xml:11:5-14:19
MERGED from [com.github.arcadefire:nice-spinner:1.3.4] AndroidManifest.xml:9:5-47
MERGED from [com.github.arcadefire:nice-spinner:1.3.4] AndroidManifest.xml:9:5-47
MERGED from [com.github.IntruderShanky:Squint:3.0.1] AndroidManifest.xml:11:5-15:19
MERGED from [com.github.IntruderShanky:Squint:3.0.1] AndroidManifest.xml:11:5-15:19
MERGED from [com.google.android.gms:play-services:12.0.1] AndroidManifest.xml:5:5-20
MERGED from [com.google.android.gms:play-services:12.0.1] AndroidManifest.xml:5:5-20
MERGED from [com.google.android.gms:play-services-cast-framework:12.0.1] AndroidManifest.xml:7:5-12:19
MERGED from [com.google.android.gms:play-services-cast-framework:12.0.1] AndroidManifest.xml:7:5-12:19
MERGED from [com.google.android.gms:play-services-cast:12.0.1] AndroidManifest.xml:22:5-20
MERGED from [com.google.android.gms:play-services-cast:12.0.1] AndroidManifest.xml:22:5-20
MERGED from [com.android.support:mediarouter-v7:26.1.0] AndroidManifest.xml:22:5-26:19
MERGED from [com.android.support:mediarouter-v7:26.1.0] AndroidManifest.xml:22:5-26:19
MERGED from [com.android.support.constraint:constraint-layout:1.1.2] AndroidManifest.xml:9:5-20
MERGED from [com.android.support.constraint:constraint-layout:1.1.2] AndroidManifest.xml:9:5-20
MERGED from [com.iarcuschin:simpleratingbar:0.1.3] AndroidManifest.xml:11:5-15:19
MERGED from [com.iarcuschin:simpleratingbar:0.1.3] AndroidManifest.xml:11:5-15:19
MERGED from [com.google.android.gms:play-services-ads-lite:12.0.1] AndroidManifest.xml:26:5-34:19
MERGED from [com.google.android.gms:play-services-ads-lite:12.0.1] AndroidManifest.xml:26:5-34:19
MERGED from [com.google.android.gms:play-services-analytics:12.0.1] AndroidManifest.xml:29:5-45:19
MERGED from [com.google.android.gms:play-services-analytics:12.0.1] AndroidManifest.xml:29:5-45:19
MERGED from [com.google.android.gms:play-services-tagmanager-v4-impl:12.0.1] AndroidManifest.xml:22:5-20
MERGED from [com.google.android.gms:play-services-tagmanager-v4-impl:12.0.1] AndroidManifest.xml:22:5-20
MERGED from [com.google.android.gms:play-services-analytics-impl:12.0.1] AndroidManifest.xml:29:5-20
MERGED from [com.google.android.gms:play-services-analytics-impl:12.0.1] AndroidManifest.xml:29:5-20
MERGED from [com.google.android.gms:play-services-appinvite:12.0.1] AndroidManifest.xml:24:5-35:19
MERGED from [com.google.android.gms:play-services-appinvite:12.0.1] AndroidManifest.xml:24:5-35:19
MERGED from [com.google.android.gms:play-services-auth:12.0.1] AndroidManifest.xml:22:5-37:19
MERGED from [com.google.android.gms:play-services-auth:12.0.1] AndroidManifest.xml:22:5-37:19
MERGED from [com.google.firebase:firebase-config:12.0.1] AndroidManifest.xml:22:5-20
MERGED from [com.google.firebase:firebase-config:12.0.1] AndroidManifest.xml:22:5-20
MERGED from [com.google.android.gms:play-services-awareness:12.0.1] AndroidManifest.xml:22:5-20
MERGED from [com.google.android.gms:play-services-awareness:12.0.1] AndroidManifest.xml:22:5-20
MERGED from [com.google.firebase:firebase-crash:12.0.1] AndroidManifest.xml:24:5-25:19
MERGED from [com.google.firebase:firebase-crash:12.0.1] AndroidManifest.xml:24:5-25:19
MERGED from [com.google.android.gms:play-services-games:12.0.1] AndroidManifest.xml:22:5-20
MERGED from [com.google.android.gms:play-services-games:12.0.1] AndroidManifest.xml:22:5-20
MERGED from [com.google.android.gms:play-services-drive:12.0.1] AndroidManifest.xml:22:5-20
MERGED from [com.google.android.gms:play-services-drive:12.0.1] AndroidManifest.xml:22:5-20
MERGED from [com.google.android.gms:play-services-fido:12.0.1] AndroidManifest.xml:7:5-8:19
MERGED from [com.google.android.gms:play-services-fido:12.0.1] AndroidManifest.xml:7:5-8:19
MERGED from [com.google.firebase:firebase-auth:12.0.1] AndroidManifest.xml:22:5-30:19
MERGED from [com.google.firebase:firebase-auth:12.0.1] AndroidManifest.xml:22:5-30:19
MERGED from [com.google.firebase:firebase-dynamic-links:12.0.1] AndroidManifest.xml:7:5-20
MERGED from [com.google.firebase:firebase-dynamic-links:12.0.1] AndroidManifest.xml:7:5-20
MERGED from [com.google.firebase:firebase-messaging:12.0.1] AndroidManifest.xml:22:5-35:19
MERGED from [com.google.firebase:firebase-messaging:12.0.1] AndroidManifest.xml:22:5-35:19
MERGED from [com.google.android.gms:play-services-fitness:12.0.1] AndroidManifest.xml:22:5-20
MERGED from [com.google.android.gms:play-services-fitness:12.0.1] AndroidManifest.xml:22:5-20
MERGED from [com.google.android.gms:play-services-gass:12.0.1] AndroidManifest.xml:7:5-20
MERGED from [com.google.android.gms:play-services-gass:12.0.1] AndroidManifest.xml:7:5-20
MERGED from [com.google.android.gms:play-services-gcm:12.0.1] AndroidManifest.xml:26:5-20
MERGED from [com.google.android.gms:play-services-gcm:12.0.1] AndroidManifest.xml:26:5-20
MERGED from [com.google.firebase:firebase-appindexing:12.0.1] AndroidManifest.xml:22:5-20
MERGED from [com.google.firebase:firebase-appindexing:12.0.1] AndroidManifest.xml:22:5-20
MERGED from [com.google.android.gms:play-services-identity:12.0.1] AndroidManifest.xml:22:5-20
MERGED from [com.google.android.gms:play-services-identity:12.0.1] AndroidManifest.xml:22:5-20
MERGED from [com.google.android.gms:play-services-iid:12.0.1] AndroidManifest.xml:26:5-20
MERGED from [com.google.android.gms:play-services-iid:12.0.1] AndroidManifest.xml:26:5-20
MERGED from [com.google.android.gms:play-services-location:12.0.1] AndroidManifest.xml:7:5-20
MERGED from [com.google.android.gms:play-services-location:12.0.1] AndroidManifest.xml:7:5-20
MERGED from [com.google.android.gms:play-services-nearby:12.0.1] AndroidManifest.xml:9:5-20
MERGED from [com.google.android.gms:play-services-nearby:12.0.1] AndroidManifest.xml:9:5-20
MERGED from [com.google.android.gms:play-services-panorama:12.0.1] AndroidManifest.xml:22:5-20
MERGED from [com.google.android.gms:play-services-panorama:12.0.1] AndroidManifest.xml:22:5-20
MERGED from [com.google.android.gms:play-services-places:12.0.1] AndroidManifest.xml:22:5-20
MERGED from [com.google.android.gms:play-services-places:12.0.1] AndroidManifest.xml:22:5-20
MERGED from [com.google.android.gms:play-services-plus:12.0.1] AndroidManifest.xml:22:5-20
MERGED from [com.google.android.gms:play-services-plus:12.0.1] AndroidManifest.xml:22:5-20
MERGED from [com.google.android.gms:play-services-safetynet:12.0.1] AndroidManifest.xml:22:5-20
MERGED from [com.google.android.gms:play-services-safetynet:12.0.1] AndroidManifest.xml:22:5-20
MERGED from [com.google.android.gms:play-services-tagmanager-api:12.0.1] AndroidManifest.xml:26:5-45:19
MERGED from [com.google.android.gms:play-services-tagmanager-api:12.0.1] AndroidManifest.xml:26:5-45:19
MERGED from [com.google.android.gms:play-services-vision:12.0.1] AndroidManifest.xml:7:5-20
MERGED from [com.google.android.gms:play-services-vision:12.0.1] AndroidManifest.xml:7:5-20
MERGED from [com.google.android.gms:play-services-vision-common:12.0.1] AndroidManifest.xml:7:5-20
MERGED from [com.google.android.gms:play-services-vision-common:12.0.1] AndroidManifest.xml:7:5-20
MERGED from [com.google.android.gms:play-services-wearable:12.0.1] AndroidManifest.xml:22:5-20
MERGED from [com.google.android.gms:play-services-wearable:12.0.1] AndroidManifest.xml:22:5-20
MERGED from [com.github.jd-alexander:library:1.1.0] AndroidManifest.xml:11:5-20
MERGED from [com.github.jd-alexander:library:1.1.0] AndroidManifest.xml:11:5-20
MERGED from [com.google.android.gms:play-services-maps:12.0.1] AndroidManifest.xml:30:5-20
MERGED from [com.google.android.gms:play-services-maps:12.0.1] AndroidManifest.xml:30:5-20
MERGED from [com.google.firebase:firebase-core:15.0.0] AndroidManifest.xml:7:5-20
MERGED from [com.google.firebase:firebase-core:15.0.0] AndroidManifest.xml:7:5-20
MERGED from [com.google.firebase:firebase-analytics:15.0.2] AndroidManifest.xml:28:5-53:19
MERGED from [com.google.firebase:firebase-analytics:15.0.2] AndroidManifest.xml:28:5-53:19
MERGED from [com.google.firebase:firebase-analytics-impl:15.0.2] AndroidManifest.xml:28:5-39:19
MERGED from [com.google.firebase:firebase-analytics-impl:15.0.2] AndroidManifest.xml:28:5-39:19
MERGED from [com.google.firebase:firebase-iid:15.1.0] AndroidManifest.xml:34:5-63:19
MERGED from [com.google.firebase:firebase-iid:15.1.0] AndroidManifest.xml:34:5-63:19
MERGED from [com.google.android.gms:play-services-stats:15.0.1] AndroidManifest.xml:7:5-20
MERGED from [com.google.android.gms:play-services-stats:15.0.1] AndroidManifest.xml:7:5-20
MERGED from [com.google.android.gms:play-services-ads-identifier:15.0.1] AndroidManifest.xml:22:5-20
MERGED from [com.google.android.gms:play-services-ads-identifier:15.0.1] AndroidManifest.xml:22:5-20
MERGED from [com.google.firebase:firebase-common:15.0.1] AndroidManifest.xml:7:5-13:19
MERGED from [com.google.firebase:firebase-common:15.0.1] AndroidManifest.xml:7:5-13:19
MERGED from [com.google.firebase:firebase-iid-interop:15.0.0] AndroidManifest.xml:7:5-8:19
MERGED from [com.google.firebase:firebase-iid-interop:15.0.0] AndroidManifest.xml:7:5-8:19
MERGED from [com.google.android.gms:play-services-base:15.0.1] AndroidManifest.xml:22:5-27:19